# JRE version: OpenJDK Runtime Environment Temurin-21.0.12.1+1 (21.0.12.1+1) (build 21.0.12.1+1-LTS)
# Java VM: OpenJDK 64-Bit Server VM Temurin-21.0.12.1+1 (21.0.12.1+1-LTS, mixed mode, sharing, tiered, compressed oops, compressed class ptrs, parallel gc, windows-amd64)
GC Precious Log:
 CardTable entry size: 512
 CPUs: 4 total, 4 available
 Memory: 7991M
 Large Page Support: Disabled
 NUMA Support: Disabled
 Compressed Oops: Enabled (32-bit)
 Alignments: Space 512K, Generation 512K, Heap 2M
 Heap Min Capacity: 100M
 Heap Initial Capacity: 100M
 Heap Max Capacity: 2G
 Pre-touch: Disabled
 Parallel Workers: 4
Heap:
 PSYoungGen      total 18944K, used 15772K [0x00000000d5580000, 0x00000000d6a80000, 0x0000000100000000)
  eden space 17920K, 82% used [0x00000000d5580000,0x00000000d6402ff0,0x00000000d6700000)
  from space 1024K, 89% used [0x00000000d6780000,0x00000000d6864030,0x00000000d6880000)
  to   space 1536K, 0% used [0x00000000d6900000,0x00000000d6900000,0x00000000d6a80000)
 ParOldGen       total 77312K, used 77298K [0x0000000080000000, 0x0000000084b80000, 0x00000000d5580000)
  object space 77312K, 99% used [0x0000000080000000,0x0000000084b7c918,0x0000000084b80000)
 Metaspace       used 70676K, committed 72128K, reserved 1114112K
  class space    used 7330K, committed 8000K, reserved 1048576K
GC Heap History (20 events):
Event: 73806.645 GC heap before
{Heap before GC invocations=75 (full 3):
 PSYoungGen      total 18432K, used 18400K [0x00000000d5580000, 0x00000000d6c80000, 0x0000000100000000)
  eden space 17920K, 100% used [0x00000000d5580000,0x00000000d6700000,0x00000000d6700000)
  from space 512K, 93% used [0x00000000d6700000,0x00000000d6778040,0x00000000d6780000)
  to   space 2048K, 0% used [0x00000000d6a80000,0x00000000d6a80000,0x00000000d6c80000)
 ParOldGen       total 72704K, used 72304K [0x0000000080000000, 0x0000000084700000, 0x00000000d5580000)
  object space 72704K, 99% used [0x0000000080000000,0x000000008469c220,0x0000000084700000)
 Metaspace       used 67826K, committed 69184K, reserved 1114112K
  class space    used 7019K, committed 7616K, reserved 1048576K
}
Event: 73806.713 GC heap after
{Heap after GC invocations=75 (full 3):
 PSYoungGen      total 18432K, used 128K [0x00000000d5580000, 0x00000000d6b00000, 0x0000000100000000)
  eden space 17920K, 0% used [0x00000000d5580000,0x00000000d5580000,0x00000000d6700000)
  from space 512K, 25% used [0x00000000d6a80000,0x00000000d6aa0000,0x00000000d6b00000)
  to   space 512K, 0% used [0x00000000d6700000,0x00000000d6700000,0x00000000d6780000)
 ParOldGen       total 72704K, used 72664K [0x0000000080000000, 0x0000000084700000, 0x00000000d5580000)
  object space 72704K, 99% used [0x0000000080000000,0x00000000846f6240,0x0000000084700000)
 Metaspace       used 67826K, committed 69184K, reserved 1114112K
  class space    used 7019K, committed 7616K, reserved 1048576K
}
Event: 138074.716 GC heap before
{Heap before GC invocations=76 (full 3):
 PSYoungGen      total 18432K, used 16531K [0x00000000d5580000, 0x00000000d6b00000, 0x0000000100000000)
  eden space 17920K, 91% used [0x00000000d5580000,0x00000000d6584e28,0x00000000d6700000)
  from space 512K, 25% used [0x00000000d6a80000,0x00000000d6aa0000,0x00000000d6b00000)
  to   space 512K, 0% used [0x00000000d6700000,0x00000000d6700000,0x00000000d6780000)
 ParOldGen       total 72704K, used 72664K [0x0000000080000000, 0x0000000084700000, 0x00000000d5580000)
  object space 72704K, 99% used [0x0000000080000000,0x00000000846f6240,0x0000000084700000)
 Metaspace       used 67991K, committed 69376K, reserved 1114112K
  class space    used 7023K, committed 7616K, reserved 1048576K
}
Event: 138074.799 GC heap after
{Heap after GC invocations=76 (full 3):
 PSYoungGen      total 18432K, used 480K [0x00000000d5580000, 0x00000000d6b00000, 0x0000000100000000)
  eden space 17920K, 0% used [0x00000000d5580000,0x00000000d5580000,0x00000000d6700000)
  from space 512K, 93% used [0x00000000d6700000,0x00000000d6778020,0x00000000d6780000)
  to   space 1024K, 0% used [0x00000000d6a00000,0x00000000d6a00000,0x00000000d6b00000)
 ParOldGen       total 73216K, used 72765K [0x0000000080000000, 0x0000000084780000, 0x00000000d5580000)
  object space 73216K, 99% used [0x0000000080000000,0x000000008470f6c0,0x0000000084780000)
 Metaspace       used 67991K, committed 69376K, reserved 1114112K
  class space    used 7023K, committed 7616K, reserved 1048576K
}
Event: 138087.391 GC heap before
{Heap before GC invocations=77 (full 3):
 PSYoungGen      total 18432K, used 18400K [0x00000000d5580000, 0x00000000d6b00000, 0x0000000100000000)
  eden space 17920K, 100% used [0x00000000d5580000,0x00000000d6700000,0x00000000d6700000)
  from space 512K, 93% used [0x00000000d6700000,0x00000000d6778020,0x00000000d6780000)
  to   space 1024K, 0% used [0x00000000d6a00000,0x00000000d6a00000,0x00000000d6b00000)
 ParOldGen       total 73216K, used 72765K [0x0000000080000000, 0x0000000084780000, 0x00000000d5580000)
  object space 73216K, 99% used [0x0000000080000000,0x000000008470f6c0,0x0000000084780000)
 Metaspace       used 68908K, committed 70400K, reserved 1114112K
  class space    used 7153K, committed 7808K, reserved 1048576K
}
Event: 138087.398 GC heap after
{Heap after GC invocations=77 (full 3):
 PSYoungGen      total 18432K, used 384K [0x00000000d5580000, 0x00000000d6a80000, 0x0000000100000000)
  eden space 17920K, 0% used [0x00000000d5580000,0x00000000d5580000,0x00000000d6700000)
  from space 512K, 75% used [0x00000000d6a00000,0x00000000d6a60040,0x00000000d6a80000)
  to   space 512K, 0% used [0x00000000d6700000,0x00000000d6700000,0x00000000d6780000)
 ParOldGen       total 73216K, used 72914K [0x0000000080000000, 0x0000000084780000, 0x00000000d5580000)
  object space 73216K, 99% used [0x0000000080000000,0x0000000084734b60,0x0000000084780000)
 Metaspace       used 68908K, committed 70400K, reserved 1114112K
  class space    used 7153K, committed 7808K, reserved 1048576K
}
Event: 138089.714 GC heap before
{Heap before GC invocations=78 (full 3):
 PSYoungGen      total 18432K, used 16431K [0x00000000d5580000, 0x00000000d6a80000, 0x0000000100000000)
  eden space 17920K, 89% used [0x00000000d5580000,0x00000000d652bbf0,0x00000000d6700000)
  from space 512K, 75% used [0x00000000d6a00000,0x00000000d6a60040,0x00000000d6a80000)
  to   space 512K, 0% used [0x00000000d6700000,0x00000000d6700000,0x00000000d6780000)
 ParOldGen       total 73216K, used 72914K [0x0000000080000000, 0x0000000084780000, 0x00000000d5580000)
  object space 73216K, 99% used [0x0000000080000000,0x0000000084734b60,0x0000000084780000)
 Metaspace       used 69352K, committed 70848K, reserved 1114112K
  class space    used 7206K, committed 7872K, reserved 1048576K
}
Event: 138089.739 GC heap after
{Heap after GC invocations=78 (full 3):
 PSYoungGen      total 18432K, used 407K [0x00000000d5580000, 0x00000000d6a80000, 0x0000000100000000)
  eden space 17920K, 0% used [0x00000000d5580000,0x00000000d5580000,0x00000000d6700000)
  from space 512K, 79% used [0x00000000d6700000,0x00000000d6765da0,0x00000000d6780000)
  to   space 512K, 0% used [0x00000000d6a00000,0x00000000d6a00000,0x00000000d6a80000)
 ParOldGen       total 73216K, used 73162K [0x0000000080000000, 0x0000000084780000, 0x00000000d5580000)
  object space 73216K, 99% used [0x0000000080000000,0x0000000084772ba0,0x0000000084780000)
 Metaspace       used 69352K, committed 70848K, reserved 1114112K
  class space    used 7206K, committed 7872K, reserved 1048576K
}
Event: 138094.679 GC heap before
{Heap before GC invocations=79 (full 3):
 PSYoungGen      total 18432K, used 18327K [0x00000000d5580000, 0x00000000d6a80000, 0x0000000100000000)
  eden space 17920K, 100% used [0x00000000d5580000,0x00000000d6700000,0x00000000d6700000)
  from space 512K, 79% used [0x00000000d6700000,0x00000000d6765da0,0x00000000d6780000)
  to   space 512K, 0% used [0x00000000d6a00000,0x00000000d6a00000,0x00000000d6a80000)
 ParOldGen       total 73216K, used 73162K [0x0000000080000000, 0x0000000084780000, 0x00000000d5580000)
  object space 73216K, 99% used [0x0000000080000000,0x0000000084772ba0,0x0000000084780000)
 Metaspace       used 69530K, committed 70976K, reserved 1114112K
  class space    used 7207K, committed 7872K, reserved 1048576K
}
Event: 138094.682 GC heap after
{Heap after GC invocations=79 (full 3):
 PSYoungGen      total 18432K, used 448K [0x00000000d5580000, 0x00000000d6a80000, 0x0000000100000000)
  eden space 17920K, 0% used [0x00000000d5580000,0x00000000d5580000,0x00000000d6700000)
  from space 512K, 87% used [0x00000000d6a00000,0x00000000d6a70020,0x00000000d6a80000)
  to   space 512K, 0% used [0x00000000d6700000,0x00000000d6700000,0x00000000d6780000)
 ParOldGen       total 73728K, used 73266K [0x0000000080000000, 0x0000000084800000, 0x00000000d5580000)
  object space 73728K, 99% used [0x0000000080000000,0x000000008478cba0,0x0000000084800000)
 Metaspace       used 69530K, committed 70976K, reserved 1114112K
  class space    used 7207K, committed 7872K, reserved 1048576K
}
Event: 152307.824 GC heap before
{Heap before GC invocations=80 (full 3):
 PSYoungGen      total 18432K, used 18236K [0x00000000d5580000, 0x00000000d6a80000, 0x0000000100000000)
  eden space 17920K, 99% used [0x00000000d5580000,0x00000000d66df260,0x00000000d6700000)
  from space 512K, 87% used [0x00000000d6a00000,0x00000000d6a70020,0x00000000d6a80000)
  to   space 512K, 0% used [0x00000000d6700000,0x00000000d6700000,0x00000000d6780000)
 ParOldGen       total 73728K, used 73266K [0x0000000080000000, 0x0000000084800000, 0x00000000d5580000)
  object space 73728K, 99% used [0x0000000080000000,0x000000008478cba0,0x0000000084800000)
 Metaspace       used 69590K, committed 71104K, reserved 1114112K
  class space    used 7208K, committed 7872K, reserved 1048576K
}
Event: 152307.874 GC heap after
{Heap after GC invocations=80 (full 3):
 PSYoungGen      total 18432K, used 496K [0x00000000d5580000, 0x00000000d6a80000, 0x0000000100000000)
  eden space 17920K, 0% used [0x00000000d5580000,0x00000000d5580000,0x00000000d6700000)
  from space 512K, 96% used [0x00000000d6700000,0x00000000d677c050,0x00000000d6780000)
  to   space 512K, 0% used [0x00000000d6a00000,0x00000000d6a00000,0x00000000d6a80000)
 ParOldGen       total 74752K, used 74160K [0x0000000080000000, 0x0000000084900000, 0x00000000d5580000)
  object space 74752K, 99% used [0x0000000080000000,0x000000008486c0d0,0x0000000084900000)
 Metaspace       used 69590K, committed 71104K, reserved 1114112K
  class space    used 7208K, committed 7872K, reserved 1048576K
}
Event: 152308.427 GC heap before
{Heap before GC invocations=81 (full 3):
 PSYoungGen      total 18432K, used 18416K [0x00000000d5580000, 0x00000000d6a80000, 0x0000000100000000)
  eden space 17920K, 100% used [0x00000000d5580000,0x00000000d6700000,0x00000000d6700000)
  from space 512K, 96% used [0x00000000d6700000,0x00000000d677c050,0x00000000d6780000)
  to   space 512K, 0% used [0x00000000d6a00000,0x00000000d6a00000,0x00000000d6a80000)
 ParOldGen       total 74752K, used 74160K [0x0000000080000000, 0x0000000084900000, 0x00000000d5580000)
  object space 74752K, 99% used [0x0000000080000000,0x000000008486c0d0,0x0000000084900000)
 Metaspace       used 69629K, committed 71104K, reserved 1114112K
  class space    used 7214K, committed 7872K, reserved 1048576K
}
Event: 152308.431 GC heap after
{Heap after GC invocations=81 (full 3):
 PSYoungGen      total 18432K, used 256K [0x00000000d5580000, 0x00000000d6a80000, 0x0000000100000000)
  eden space 17920K, 0% used [0x00000000d5580000,0x00000000d5580000,0x00000000d6700000)
  from space 512K, 50% used [0x00000000d6a00000,0x00000000d6a40000,0x00000000d6a80000)
  to   space 512K, 0% used [0x00000000d6700000,0x00000000d6700000,0x00000000d6780000)
 ParOldGen       total 74752K, used 74553K [0x0000000080000000, 0x0000000084900000, 0x00000000d5580000)
  object space 74752K, 99% used [0x0000000080000000,0x00000000848ce520,0x0000000084900000)
 Metaspace       used 69629K, committed 71104K, reserved 1114112K
  class space    used 7214K, committed 7872K, reserved 1048576K
}
Event: 152312.868 GC heap before
{Heap before GC invocations=82 (full 3):
 PSYoungGen      total 18432K, used 18096K [0x00000000d5580000, 0x00000000d6a80000, 0x0000000100000000)
  eden space 17920K, 99% used [0x00000000d5580000,0x00000000d66ec148,0x00000000d6700000)
  from space 512K, 50% used [0x00000000d6a00000,0x00000000d6a40000,0x00000000d6a80000)
  to   space 512K, 0% used [0x00000000d6700000,0x00000000d6700000,0x00000000d6780000)
 ParOldGen       total 74752K, used 74553K [0x0000000080000000, 0x0000000084900000, 0x00000000d5580000)
  object space 74752K, 99% used [0x0000000080000000,0x00000000848ce520,0x0000000084900000)
 Metaspace       used 69743K, committed 71168K, reserved 1114112K
  class space    used 7216K, committed 7872K, reserved 1048576K
}
Event: 152312.872 GC heap after
{Heap after GC invocations=82 (full 3):
 PSYoungGen      total 18432K, used 503K [0x00000000d5580000, 0x00000000d6d00000, 0x0000000100000000)
  eden space 17920K, 0% used [0x00000000d5580000,0x00000000d5580000,0x00000000d6700000)
  from space 512K, 98% used [0x00000000d6700000,0x00000000d677ddc0,0x00000000d6780000)
  to   space 3072K, 0% used [0x00000000d6a00000,0x00000000d6a00000,0x00000000d6d00000)
 ParOldGen       total 76800K, used 76639K [0x0000000080000000, 0x0000000084b00000, 0x00000000d5580000)
  object space 76800K, 99% used [0x0000000080000000,0x0000000084ad7f98,0x0000000084b00000)
 Metaspace       used 69743K, committed 71168K, reserved 1114112K
  class space    used 7216K, committed 7872K, reserved 1048576K
}
Event: 152315.644 GC heap before
{Heap before GC invocations=83 (full 3):
 PSYoungGen      total 18432K, used 18423K [0x00000000d5580000, 0x00000000d6d00000, 0x0000000100000000)
  eden space 17920K, 100% used [0x00000000d5580000,0x00000000d6700000,0x00000000d6700000)
  from space 512K, 98% used [0x00000000d6700000,0x00000000d677ddc0,0x00000000d6780000)
  to   space 3072K, 0% used [0x00000000d6a00000,0x00000000d6a00000,0x00000000d6d00000)
 ParOldGen       total 76800K, used 76639K [0x0000000080000000, 0x0000000084b00000, 0x00000000d5580000)
  object space 76800K, 99% used [0x0000000080000000,0x0000000084ad7f98,0x0000000084b00000)
 Metaspace       used 69895K, committed 71360K, reserved 1114112K
  class space    used 7219K, committed 7872K, reserved 1048576K
}
Event: 152315.648 GC heap after
{Heap after GC invocations=83 (full 3):
 PSYoungGen      total 19456K, used 1200K [0x00000000d5580000, 0x00000000d6b80000, 0x0000000100000000)
  eden space 17920K, 0% used [0x00000000d5580000,0x00000000d5580000,0x00000000d6700000)
  from space 1536K, 78% used [0x00000000d6a00000,0x00000000d6b2c070,0x00000000d6b80000)
  to   space 2048K, 0% used [0x00000000d6780000,0x00000000d6780000,0x00000000d6980000)
 ParOldGen       total 77312K, used 77002K [0x0000000080000000, 0x0000000084b80000, 0x00000000d5580000)
  object space 77312K, 99% used [0x0000000080000000,0x0000000084b328d8,0x0000000084b80000)
 Metaspace       used 69895K, committed 71360K, reserved 1114112K
  class space    used 7219K, committed 7872K, reserved 1048576K
}
Event: 162596.825 GC heap before
{Heap before GC invocations=84 (full 3):
 PSYoungGen      total 19456K, used 19120K [0x00000000d5580000, 0x00000000d6b80000, 0x0000000100000000)
  eden space 17920K, 100% used [0x00000000d5580000,0x00000000d6700000,0x00000000d6700000)
  from space 1536K, 78% used [0x00000000d6a00000,0x00000000d6b2c070,0x00000000d6b80000)
  to   space 2048K, 0% used [0x00000000d6780000,0x00000000d6780000,0x00000000d6980000)
 ParOldGen       total 77312K, used 77002K [0x0000000080000000, 0x0000000084b80000, 0x00000000d5580000)
  object space 77312K, 99% used [0x0000000080000000,0x0000000084b328d8,0x0000000084b80000)
 Metaspace       used 70179K, committed 71616K, reserved 1114112K
  class space    used 7256K, committed 7872K, reserved 1048576K
}
Event: 162596.877 GC heap after
{Heap after GC invocations=84 (full 3):
 PSYoungGen      total 18944K, used 912K [0x00000000d5580000, 0x00000000d6a80000, 0x0000000100000000)
  eden space 17920K, 0% used [0x00000000d5580000,0x00000000d5580000,0x00000000d6700000)
  from space 1024K, 89% used [0x00000000d6780000,0x00000000d6864030,0x00000000d6880000)
  to   space 1536K, 0% used [0x00000000d6900000,0x00000000d6900000,0x00000000d6a80000)
 ParOldGen       total 77312K, used 77298K [0x0000000080000000, 0x0000000084b80000, 0x00000000d5580000)
  object space 77312K, 99% used [0x0000000080000000,0x0000000084b7c918,0x0000000084b80000)
 Metaspace       used 70179K, committed 71616K, reserved 1114112K
  class space    used 7256K, committed 7872K, reserved 1048576K
}

